<?xml version="1.0" encoding="UTF-8"?>
<!-- Generated by org.testng.reporters.JUnitReportReporter -->
<testsuite skipped="0" hostname="Somnath" name="Test.secondTest" tests="1" failures="0" timestamp="2019-12-21T15:25:15 IST" time="0.069" errors="0">
  <testcase name="print2" time="0.069" classname="Test.secondTest"/>
</testsuite> <!-- Test.secondTest -->
