<?xml version="1.0" encoding="UTF-8"?>
<!-- Generated by org.testng.reporters.JUnitReportReporter -->
<testsuite skipped="0" hostname="Somnath" name="Test.firstTstNG" tests="1" failures="0" timestamp="2019-12-21T15:25:15 IST" time="0.010" errors="0">
  <testcase name="printTest" time="0.010" classname="Test.firstTstNG"/>
</testsuite> <!-- Test.firstTstNG -->
