<?xml version="1.0" encoding="UTF-8"?>
<!-- Generated by org.testng.reporters.JUnitReportReporter -->
<testsuite skipped="0" hostname="Somnath" name="firstTstNG" tests="1" failures="0" timestamp="2019-12-21T14:57:54 IST" time="0.045" errors="0">
  <testcase name="printTest" time="0.045" classname="firstTstNG"/>
</testsuite> <!-- firstTstNG -->
